TITLE : Generated T3 mesh - 1 times 4
        (13:50:26 on June 15, 2025, Sunday)

C O N T R O L   I N F O R M A T I O N

      NUMBER OF NODAL POINTS . . . . . . . . . . (NUMNP)  =    10
      NUMBER OF ELEMENT GROUPS . . . . . . . . . (NUMEG)  =     1
      NUMBER OF LOAD CASES . . . . . . . . . . . (NLCASE) =     1
      SOLUTION MODE  . . . . . . . . . . . . . . (MODEX)  =     1
         EQ.0, DATA CHECK
         EQ.1, EXECUTION

 N O D A L   P O I N T   D A T A

    NODE       BOUNDARY                         NODAL POINT
   NUMBER  CONDITION  CODES                     COORDINATES
        1    1    1    1       0.00000e+00    0.00000e+00    0.00000e+00
        2    0    0    1       1.50000e+00    0.00000e+00    0.00000e+00
        3    0    0    1       3.00000e+00    0.00000e+00    0.00000e+00
        4    0    0    1       4.50000e+00    0.00000e+00    0.00000e+00
        5    0    0    1       6.00000e+00    0.00000e+00    0.00000e+00
        6    1    1    1       0.00000e+00    1.00000e+00    0.00000e+00
        7    0    0    1       1.50000e+00    1.00000e+00    0.00000e+00
        8    0    0    1       3.00000e+00    1.00000e+00    0.00000e+00
        9    0    0    1       4.50000e+00    1.00000e+00    0.00000e+00
       10    0    0    1       6.00000e+00    1.00000e+00    0.00000e+00

 EQUATION NUMBERS

   NODE NUMBER   DEGREES OF FREEDOM
        N           X    Y    Z
        1           0    0    0
        2           1    2    0
        3           3    4    0
        4           5    6    0
        5           7    8    0
        6           0    0    0
        7           9   10    0
        8          11   12    0
        9          13   14    0
       10          15   16    0

 L O A D   C A S E   D A T A

     LOAD CASE NUMBER . . . . . . . =     1
     NUMBER OF CONCENTRATED LOADS . =     1

    NODE       DIRECTION      LOAD
   NUMBER                   MAGNITUDE
     10            2       -1.00000e+00

 E L E M E N T   G R O U P   D A T A


 E L E M E N T   D E F I N I T I O N

 ELEMENT TYPE  . . . . . . . . . . . . .( NPAR(1) ) . . =    3
     EQ.1, TRUSS ELEMENTS
     EQ.2, ELEMENTS CURRENTLY
     EQ.3, NOT AVAILABLE

 NUMBER OF ELEMENTS. . . . . . . . . . .( NPAR(2) ) . . =    8

 M A T E R I A L   D E F I N I T I O N

 NUMBER OF DIFFERENT SETS OF MATERIAL
 AND CROSS-SECTIONAL  CONSTANTS  . . . .( NPAR(3) ) . . =    1

  SET       YOUNG'S     POISSON'S     THICKNESS
 NUMBER     MODULUS        RATIO          T
               E              NU            H
    1     1.00000e+03     3.00000e-01


 E L E M E N T   I N F O R M A T I O N
 ELEMENT     NODE     NODE       MATERIAL
 NUMBER-N      I        J       SET NUMBER
    1          1        2        6           1
    2          2        7        6           1
    3          2        3        7           1
    4          3        8        7           1
    5          3        4        8           1
    6          4        9        8           1
    7          4        5        9           1
    8          5       10        9           1

	TOTAL SYSTEM DATA

     NUMBER OF EQUATIONS . . . . . . . . . . . . . .(NEQ) = 16
     NUMBER OF MATRIX ELEMENTS . . . . . . . . . . .(NWK) = 100
     MAXIMUM HALF BANDWIDTH  . . . . . . . . . . . .(MK ) = 10
     MEAN HALF BANDWIDTH . . . . . . . . . . . . . .(MM ) = 6


 LOAD CASE    1


 D I S P L A C E M E N T S

  NODE           X-DISPLACEMENT    Y-DISPLACEMENT    Z-DISPLACEMENT
    1               0.00000e+00       0.00000e+00       0.00000e+00
    2               8.04415e-03       1.58778e-02       0.00000e+00
    3               1.35266e-02       5.28683e-02       0.00000e+00
    4               1.67176e-02       1.03605e-01       0.00000e+00
    5               1.76485e-02       1.61156e-01       0.00000e+00
    6               0.00000e+00       0.00000e+00       0.00000e+00
    7              -8.28899e-03       1.64219e-02       0.00000e+00
    8              -1.42618e-02       5.34138e-02       0.00000e+00
    9              -1.79444e-02       1.04152e-01       0.00000e+00
   10              -1.96654e-02       1.62365e-01       0.00000e+00

 S T R E S S  C A L C U L A T I O N S  F O R  E L E M E N T  G R O U P    1

  ELEMENT        LOCAL          ELEMENT        STRESS
  NUMBER         SXX            SYY            SXY
    1        -1.17863e+01   -9.65298e-03    4.44579e-02
    2         2.44772e+00    3.21766e-02    5.71038e-02
    3        -8.39170e+00   -9.84350e-03    8.64236e-02
    4         1.42660e+00    2.29094e-02    9.08171e-02
    5        -5.03508e+00   -7.10192e-03    1.12886e-01
    6         4.16282e-01    1.37458e-02    1.10064e-01
    7        -1.72459e+00   -4.39972e-03    1.24748e-01
    8        -1.90018e+00    4.70813e-03    1.15969e-01


 S O L U T I O N   T I M E   L O G   I N   S E C 

     TIME FOR INPUT PHASE = 3.10000e-02
     TIME FOR CALCULATION OF STIFFNESS MATRIX = 5.70000e-02
     TIME FOR FACTORIZATION AND LOAD CASE SOLUTIONS = 1.70000e-02

     T O T A L   S O L U T I O N   T I M E = 1.05000e-01

