TITLE : Generated T3 mesh - 4 times 16
        (12:58:56 on June 12, 2025, Thursday)

C O N T R O L   I N F O R M A T I O N

      NUMBER OF NODAL POINTS . . . . . . . . . . (NUMNP)  =    85
      NUMBER OF ELEMENT GROUPS . . . . . . . . . (NUMEG)  =     1
      NUMBER OF LOAD CASES . . . . . . . . . . . (NLCASE) =     1
      SOLUTION MODE  . . . . . . . . . . . . . . (MODEX)  =     1
         EQ.0, DATA CHECK
         EQ.1, EXECUTION

 N O D A L   P O I N T   D A T A

    NODE       BOUNDARY                         NODAL POINT
   NUMBER  CONDITION  CODES                     COORDINATES
        1    1    1    1       0.00000e+00    0.00000e+00    0.00000e+00
        2    0    0    1       3.75000e-01    0.00000e+00    0.00000e+00
        3    0    0    1       7.50000e-01    0.00000e+00    0.00000e+00
        4    0    0    1       1.12500e+00    0.00000e+00    0.00000e+00
        5    0    0    1       1.50000e+00    0.00000e+00    0.00000e+00
        6    0    0    1       1.87500e+00    0.00000e+00    0.00000e+00
        7    0    0    1       2.25000e+00    0.00000e+00    0.00000e+00
        8    0    0    1       2.62500e+00    0.00000e+00    0.00000e+00
        9    0    0    1       3.00000e+00    0.00000e+00    0.00000e+00
       10    0    0    1       3.37500e+00    0.00000e+00    0.00000e+00
       11    0    0    1       3.75000e+00    0.00000e+00    0.00000e+00
       12    0    0    1       4.12500e+00    0.00000e+00    0.00000e+00
       13    0    0    1       4.50000e+00    0.00000e+00    0.00000e+00
       14    0    0    1       4.87500e+00    0.00000e+00    0.00000e+00
       15    0    0    1       5.25000e+00    0.00000e+00    0.00000e+00
       16    0    0    1       5.62500e+00    0.00000e+00    0.00000e+00
       17    0    0    1       6.00000e+00    0.00000e+00    0.00000e+00
       18    1    1    1       0.00000e+00    2.50000e-01    0.00000e+00
       19    0    0    1       3.75000e-01    2.50000e-01    0.00000e+00
       20    0    0    1       7.50000e-01    2.50000e-01    0.00000e+00
       21    0    0    1       1.12500e+00    2.50000e-01    0.00000e+00
       22    0    0    1       1.50000e+00    2.50000e-01    0.00000e+00
       23    0    0    1       1.87500e+00    2.50000e-01    0.00000e+00
       24    0    0    1       2.25000e+00    2.50000e-01    0.00000e+00
       25    0    0    1       2.62500e+00    2.50000e-01    0.00000e+00
       26    0    0    1       3.00000e+00    2.50000e-01    0.00000e+00
       27    0    0    1       3.37500e+00    2.50000e-01    0.00000e+00
       28    0    0    1       3.75000e+00    2.50000e-01    0.00000e+00
       29    0    0    1       4.12500e+00    2.50000e-01    0.00000e+00
       30    0    0    1       4.50000e+00    2.50000e-01    0.00000e+00
       31    0    0    1       4.87500e+00    2.50000e-01    0.00000e+00
       32    0    0    1       5.25000e+00    2.50000e-01    0.00000e+00
       33    0    0    1       5.62500e+00    2.50000e-01    0.00000e+00
       34    0    0    1       6.00000e+00    2.50000e-01    0.00000e+00
       35    1    1    1       0.00000e+00    5.00000e-01    0.00000e+00
       36    0    0    1       3.75000e-01    5.00000e-01    0.00000e+00
       37    0    0    1       7.50000e-01    5.00000e-01    0.00000e+00
       38    0    0    1       1.12500e+00    5.00000e-01    0.00000e+00
       39    0    0    1       1.50000e+00    5.00000e-01    0.00000e+00
       40    0    0    1       1.87500e+00    5.00000e-01    0.00000e+00
       41    0    0    1       2.25000e+00    5.00000e-01    0.00000e+00
       42    0    0    1       2.62500e+00    5.00000e-01    0.00000e+00
       43    0    0    1       3.00000e+00    5.00000e-01    0.00000e+00
       44    0    0    1       3.37500e+00    5.00000e-01    0.00000e+00
       45    0    0    1       3.75000e+00    5.00000e-01    0.00000e+00
       46    0    0    1       4.12500e+00    5.00000e-01    0.00000e+00
       47    0    0    1       4.50000e+00    5.00000e-01    0.00000e+00
       48    0    0    1       4.87500e+00    5.00000e-01    0.00000e+00
       49    0    0    1       5.25000e+00    5.00000e-01    0.00000e+00
       50    0    0    1       5.62500e+00    5.00000e-01    0.00000e+00
       51    0    0    1       6.00000e+00    5.00000e-01    0.00000e+00
       52    1    1    1       0.00000e+00    7.50000e-01    0.00000e+00
       53    0    0    1       3.75000e-01    7.50000e-01    0.00000e+00
       54    0    0    1       7.50000e-01    7.50000e-01    0.00000e+00
       55    0    0    1       1.12500e+00    7.50000e-01    0.00000e+00
       56    0    0    1       1.50000e+00    7.50000e-01    0.00000e+00
       57    0    0    1       1.87500e+00    7.50000e-01    0.00000e+00
       58    0    0    1       2.25000e+00    7.50000e-01    0.00000e+00
       59    0    0    1       2.62500e+00    7.50000e-01    0.00000e+00
       60    0    0    1       3.00000e+00    7.50000e-01    0.00000e+00
       61    0    0    1       3.37500e+00    7.50000e-01    0.00000e+00
       62    0    0    1       3.75000e+00    7.50000e-01    0.00000e+00
       63    0    0    1       4.12500e+00    7.50000e-01    0.00000e+00
       64    0    0    1       4.50000e+00    7.50000e-01    0.00000e+00
       65    0    0    1       4.87500e+00    7.50000e-01    0.00000e+00
       66    0    0    1       5.25000e+00    7.50000e-01    0.00000e+00
       67    0    0    1       5.62500e+00    7.50000e-01    0.00000e+00
       68    0    0    1       6.00000e+00    7.50000e-01    0.00000e+00
       69    1    1    1       0.00000e+00    1.00000e+00    0.00000e+00
       70    0    0    1       3.75000e-01    1.00000e+00    0.00000e+00
       71    0    0    1       7.50000e-01    1.00000e+00    0.00000e+00
       72    0    0    1       1.12500e+00    1.00000e+00    0.00000e+00
       73    0    0    1       1.50000e+00    1.00000e+00    0.00000e+00
       74    0    0    1       1.87500e+00    1.00000e+00    0.00000e+00
       75    0    0    1       2.25000e+00    1.00000e+00    0.00000e+00
       76    0    0    1       2.62500e+00    1.00000e+00    0.00000e+00
       77    0    0    1       3.00000e+00    1.00000e+00    0.00000e+00
       78    0    0    1       3.37500e+00    1.00000e+00    0.00000e+00
       79    0    0    1       3.75000e+00    1.00000e+00    0.00000e+00
       80    0    0    1       4.12500e+00    1.00000e+00    0.00000e+00
       81    0    0    1       4.50000e+00    1.00000e+00    0.00000e+00
       82    0    0    1       4.87500e+00    1.00000e+00    0.00000e+00
       83    0    0    1       5.25000e+00    1.00000e+00    0.00000e+00
       84    0    0    1       5.62500e+00    1.00000e+00    0.00000e+00
       85    0    0    1       6.00000e+00    1.00000e+00    0.00000e+00

 EQUATION NUMBERS

   NODE NUMBER   DEGREES OF FREEDOM
        N           X    Y    Z
        1           0    0    0
        2           1    2    0
        3           3    4    0
        4           5    6    0
        5           7    8    0
        6           9   10    0
        7          11   12    0
        8          13   14    0
        9          15   16    0
       10          17   18    0
       11          19   20    0
       12          21   22    0
       13          23   24    0
       14          25   26    0
       15          27   28    0
       16          29   30    0
       17          31   32    0
       18           0    0    0
       19          33   34    0
       20          35   36    0
       21          37   38    0
       22          39   40    0
       23          41   42    0
       24          43   44    0
       25          45   46    0
       26          47   48    0
       27          49   50    0
       28          51   52    0
       29          53   54    0
       30          55   56    0
       31          57   58    0
       32          59   60    0
       33          61   62    0
       34          63   64    0
       35           0    0    0
       36          65   66    0
       37          67   68    0
       38          69   70    0
       39          71   72    0
       40          73   74    0
       41          75   76    0
       42          77   78    0
       43          79   80    0
       44          81   82    0
       45          83   84    0
       46          85   86    0
       47          87   88    0
       48          89   90    0
       49          91   92    0
       50          93   94    0
       51          95   96    0
       52           0    0    0
       53          97   98    0
       54          99  100    0
       55         101  102    0
       56         103  104    0
       57         105  106    0
       58         107  108    0
       59         109  110    0
       60         111  112    0
       61         113  114    0
       62         115  116    0
       63         117  118    0
       64         119  120    0
       65         121  122    0
       66         123  124    0
       67         125  126    0
       68         127  128    0
       69           0    0    0
       70         129  130    0
       71         131  132    0
       72         133  134    0
       73         135  136    0
       74         137  138    0
       75         139  140    0
       76         141  142    0
       77         143  144    0
       78         145  146    0
       79         147  148    0
       80         149  150    0
       81         151  152    0
       82         153  154    0
       83         155  156    0
       84         157  158    0
       85         159  160    0

 L O A D   C A S E   D A T A

     LOAD CASE NUMBER . . . . . . . =     1
     NUMBER OF CONCENTRATED LOADS . =     1

    NODE       DIRECTION      LOAD
   NUMBER                   MAGNITUDE
     85            2       -1.00000e+00

 E L E M E N T   G R O U P   D A T A


 E L E M E N T   D E F I N I T I O N

 ELEMENT TYPE  . . . . . . . . . . . . .( NPAR(1) ) . . =    3
     EQ.1, TRUSS ELEMENTS
     EQ.2, ELEMENTS CURRENTLY
     EQ.3, NOT AVAILABLE

 NUMBER OF ELEMENTS. . . . . . . . . . .( NPAR(2) ) . . =  128

 M A T E R I A L   D E F I N I T I O N

 NUMBER OF DIFFERENT SETS OF MATERIAL
 AND CROSS-SECTIONAL  CONSTANTS  . . . .( NPAR(3) ) . . =    1

  SET       YOUNG'S     POISSON'S     THICKNESS
 NUMBER     MODULUS        RATIO          T
               E              NU            H
    1     1.00000e+03     3.00000e-01


 E L E M E N T   I N F O R M A T I O N
 ELEMENT     NODE     NODE       MATERIAL
 NUMBER-N      I        J       SET NUMBER
    1          1        2       18           1
    2          2       19       18           1
    3          2        3       19           1
    4          3       20       19           1
    5          3        4       20           1
    6          4       21       20           1
    7          4        5       21           1
    8          5       22       21           1
    9          5        6       22           1
   10          6       23       22           1
   11          6        7       23           1
   12          7       24       23           1
   13          7        8       24           1
   14          8       25       24           1
   15          8        9       25           1
   16          9       26       25           1
   17          9       10       26           1
   18         10       27       26           1
   19         10       11       27           1
   20         11       28       27           1
   21         11       12       28           1
   22         12       29       28           1
   23         12       13       29           1
   24         13       30       29           1
   25         13       14       30           1
   26         14       31       30           1
   27         14       15       31           1
   28         15       32       31           1
   29         15       16       32           1
   30         16       33       32           1
   31         16       17       33           1
   32         17       34       33           1
   33         18       19       35           1
   34         19       36       35           1
   35         19       20       36           1
   36         20       37       36           1
   37         20       21       37           1
   38         21       38       37           1
   39         21       22       38           1
   40         22       39       38           1
   41         22       23       39           1
   42         23       40       39           1
   43         23       24       40           1
   44         24       41       40           1
   45         24       25       41           1
   46         25       42       41           1
   47         25       26       42           1
   48         26       43       42           1
   49         26       27       43           1
   50         27       44       43           1
   51         27       28       44           1
   52         28       45       44           1
   53         28       29       45           1
   54         29       46       45           1
   55         29       30       46           1
   56         30       47       46           1
   57         30       31       47           1
   58         31       48       47           1
   59         31       32       48           1
   60         32       49       48           1
   61         32       33       49           1
   62         33       50       49           1
   63         33       34       50           1
   64         34       51       50           1
   65         35       36       52           1
   66         36       53       52           1
   67         36       37       53           1
   68         37       54       53           1
   69         37       38       54           1
   70         38       55       54           1
   71         38       39       55           1
   72         39       56       55           1
   73         39       40       56           1
   74         40       57       56           1
   75         40       41       57           1
   76         41       58       57           1
   77         41       42       58           1
   78         42       59       58           1
   79         42       43       59           1
   80         43       60       59           1
   81         43       44       60           1
   82         44       61       60           1
   83         44       45       61           1
   84         45       62       61           1
   85         45       46       62           1
   86         46       63       62           1
   87         46       47       63           1
   88         47       64       63           1
   89         47       48       64           1
   90         48       65       64           1
   91         48       49       65           1
   92         49       66       65           1
   93         49       50       66           1
   94         50       67       66           1
   95         50       51       67           1
   96         51       68       67           1
   97         52       53       69           1
   98         53       70       69           1
   99         53       54       70           1
  100         54       71       70           1
  101         54       55       71           1
  102         55       72       71           1
  103         55       56       72           1
  104         56       73       72           1
  105         56       57       73           1
  106         57       74       73           1
  107         57       58       74           1
  108         58       75       74           1
  109         58       59       75           1
  110         59       76       75           1
  111         59       60       76           1
  112         60       77       76           1
  113         60       61       77           1
  114         61       78       77           1
  115         61       62       78           1
  116         62       79       78           1
  117         62       63       79           1
  118         63       80       79           1
  119         63       64       80           1
  120         64       81       80           1
  121         64       65       81           1
  122         65       82       81           1
  123         65       66       82           1
  124         66       83       82           1
  125         66       67       83           1
  126         67       84       83           1
  127         67       68       84           1
  128         68       85       84           1

	TOTAL SYSTEM DATA

     NUMBER OF EQUATIONS . . . . . . . . . . . . . .(NEQ) = 160
     NUMBER OF MATRIX ELEMENTS . . . . . . . . . . .(NWK) = 4396
     MAXIMUM HALF BANDWIDTH  . . . . . . . . . . . .(MK ) = 34
     MEAN HALF BANDWIDTH . . . . . . . . . . . . . .(MM ) = 27


 LOAD CASE    1


 D I S P L A C E M E N T S

  NODE           X-DISPLACEMENT    Y-DISPLACEMENT    Z-DISPLACEMENT
    1               0.00000e+00       0.00000e+00       0.00000e+00
    2               9.60401e-03       5.73301e-03       0.00000e+00
    3               1.90245e-02       1.75057e-02       0.00000e+00
    4               2.77694e-02       3.60156e-02       0.00000e+00
    5               3.58373e-02       6.08221e-02       0.00000e+00
    6               4.32508e-02       9.14356e-02       0.00000e+00
    7               5.00174e-02       1.27375e-01       0.00000e+00
    8               5.61382e-02       1.68159e-01       0.00000e+00
    9               6.16131e-02       2.13303e-01       0.00000e+00
   10               6.64419e-02       2.62325e-01       0.00000e+00
   11               7.06245e-02       3.14740e-01       0.00000e+00
   12               7.41606e-02       3.70062e-01       0.00000e+00
   13               7.70482e-02       4.27808e-01       0.00000e+00
   14               7.92816e-02       4.87494e-01       0.00000e+00
   15               8.08460e-02       5.48624e-01       0.00000e+00
   16               8.17236e-02       6.10659e-01       0.00000e+00
   17               8.19916e-02       6.72867e-01       0.00000e+00
   18               0.00000e+00       0.00000e+00       0.00000e+00
   19               4.69540e-03       4.42434e-03       0.00000e+00
   20               9.36028e-03       1.61955e-02       0.00000e+00
   21               1.37027e-02       3.47984e-02       0.00000e+00
   22               1.77209e-02       5.96998e-02       0.00000e+00
   23               2.14183e-02       9.04085e-02       0.00000e+00
   24               2.47934e-02       1.26444e-01       0.00000e+00
   25               2.78455e-02       1.67325e-01       0.00000e+00
   26               3.05744e-02       2.12567e-01       0.00000e+00
   27               3.29802e-02       2.61685e-01       0.00000e+00
   28               3.50629e-02       3.14196e-01       0.00000e+00
   29               3.68226e-02       3.69616e-01       0.00000e+00
   30               3.82593e-02       4.27460e-01       0.00000e+00
   31               3.93730e-02       4.87244e-01       0.00000e+00
   32               4.01633e-02       5.48477e-01       0.00000e+00
   33               4.06296e-02       6.10620e-01       0.00000e+00
   34               4.07717e-02       6.72927e-01       0.00000e+00
   35               0.00000e+00       0.00000e+00       0.00000e+00
   36               8.82582e-05       4.00142e-03       0.00000e+00
   37               3.11892e-05       1.57996e-02       0.00000e+00
   38              -2.96662e-05       3.44330e-02       0.00000e+00
   39              -6.10881e-05       5.93566e-02       0.00000e+00
   40              -8.17041e-05       9.00931e-02       0.00000e+00
   41              -9.94935e-05       1.26160e-01       0.00000e+00
   42              -1.16769e-04       1.67072e-01       0.00000e+00
   43              -1.34026e-04       2.12347e-01       0.00000e+00
   44              -1.51309e-04       2.61498e-01       0.00000e+00
   45              -1.68509e-04       3.14041e-01       0.00000e+00
   46              -1.85153e-04       3.69492e-01       0.00000e+00
   47              -1.99503e-04       4.27366e-01       0.00000e+00
   48              -2.06491e-04       4.87180e-01       0.00000e+00
   49              -1.96046e-04       5.48447e-01       0.00000e+00
   50              -1.68251e-04       6.10678e-01       0.00000e+00
   51              -2.10451e-04       6.73270e-01       0.00000e+00
   52               0.00000e+00       0.00000e+00       0.00000e+00
   53              -4.60071e-03       4.40471e-03       0.00000e+00
   54              -9.38347e-03       1.63184e-02       0.00000e+00
   55              -1.37856e-02       3.49071e-02       0.00000e+00
   56              -1.78477e-02       5.97882e-02       0.00000e+00
   57              -2.15821e-02       9.04884e-02       0.00000e+00
   58              -2.49922e-02       1.26522e-01       0.00000e+00
   59              -2.80788e-02       1.67402e-01       0.00000e+00
   60              -3.08423e-02       2.12643e-01       0.00000e+00
   61              -3.32828e-02       2.61762e-01       0.00000e+00
   62              -3.54001e-02       3.14273e-01       0.00000e+00
   63              -3.71940e-02       3.69691e-01       0.00000e+00
   64              -3.86636e-02       4.27529e-01       0.00000e+00
   65              -3.98052e-02       4.87304e-01       0.00000e+00
   66              -4.06121e-02       5.48539e-01       0.00000e+00
   67              -4.10906e-02       6.10829e-01       0.00000e+00
   68              -4.14260e-02       6.74035e-01       0.00000e+00
   69               0.00000e+00       0.00000e+00       0.00000e+00
   70              -1.00168e-02       5.83731e-03       0.00000e+00
   71              -1.92207e-02       1.76974e-02       0.00000e+00
   72              -2.78943e-02       3.62011e-02       0.00000e+00
   73              -3.59700e-02       6.09888e-02       0.00000e+00
   74              -4.34141e-02       9.15929e-02       0.00000e+00
   75              -5.02155e-02       1.27529e-01       0.00000e+00
   76              -5.63713e-02       1.68312e-01       0.00000e+00
   77              -6.18809e-02       2.13457e-01       0.00000e+00
   78              -6.67443e-02       2.62479e-01       0.00000e+00
   79              -7.09615e-02       3.14893e-01       0.00000e+00
   80              -7.45325e-02       3.70213e-01       0.00000e+00
   81              -7.74587e-02       4.27953e-01       0.00000e+00
   82              -7.97467e-02       4.87626e-01       0.00000e+00
   83              -8.14221e-02       5.48766e-01       0.00000e+00
   84              -8.25687e-02       6.11046e-01       0.00000e+00
   85              -8.36417e-02       6.75316e-01       0.00000e+00

 S T R E S S  C A L C U L A T I O N S  F O R  E L E M E N T  G R O U P    1

  ELEMENT        LOCAL          ELEMENT        STRESS
  NUMBER         SXX            SYY            SXY
    1        -5.62872e+01   -2.88120e-03    4.01311e-03
    2         3.24918e+00   -4.10649e-03    4.37978e-03
    3        -5.17604e+01   -8.63148e-04    6.95237e-03
    4         3.31580e+00   -4.07531e-03    8.08751e-03
    5        -4.77964e+01   -6.58223e-04    1.04200e-02
    6         3.06535e+00   -3.79472e-03    1.15145e-02
    7        -4.40748e+01   -5.94636e-04    1.36721e-02
    8         2.80175e+00   -3.51310e-03    1.46645e-02
    9        -4.04889e+01   -5.40545e-04    1.66738e-02
   10         2.52844e+00   -3.23525e-03    1.75501e-02
   11        -3.69489e+01   -4.89330e-04    1.94265e-02
   12         2.24782e+00   -2.95627e-03    2.01789e-02
   13        -3.34182e+01   -4.40179e-04    2.19273e-02
   14         1.96451e+00   -2.67681e-03    2.25533e-02
   15        -2.98880e+01   -3.91656e-04    2.41746e-02
   16         1.68056e+00   -2.39729e-03    2.46733e-02
   17        -2.63572e+01   -3.43229e-04    2.61676e-02
   18         1.39651e+00   -2.11780e-03    2.65390e-02
   19        -2.28257e+01   -2.94771e-04    2.79063e-02
   20         1.11230e+00   -1.83835e-03    2.81503e-02
   21        -1.92916e+01   -2.46197e-04    2.93907e-02
   22         8.27159e-01   -1.55899e-03    2.95065e-02
   23        -1.57474e+01   -1.97242e-04    3.06212e-02
   24         5.38119e-01   -1.27986e-03    3.06056e-02
   25        -1.21701e+01   -1.47185e-04    3.15977e-02
   26         2.36071e-01   -1.00136e-03    3.14417e-02
   27        -8.51062e+00   -9.49487e-05    3.23155e-02
   28        -9.90236e-02   -7.24240e-04    3.20010e-02
   29        -4.75644e+00   -4.30940e-05    3.27451e-02
   30        -4.77678e-01   -4.48812e-04    3.22737e-02
   31        -1.46791e+00   -2.19990e-05    3.27585e-02
   32        -7.75565e-01   -1.69032e-04    3.23771e-02
   33        -2.75188e+01   -1.40862e-03    3.09704e-03
   34         3.56277e+00    1.02054e-04    4.13725e-03
   35        -2.62246e+01   -7.65090e-04    7.03047e-03
   36         3.58090e+00    2.35230e-04    7.73086e-03
   37        -2.44061e+01   -7.08865e-04    1.05731e-02
   38         3.31956e+00    2.25298e-04    1.11582e-02
   39        -2.25858e+01   -6.57302e-04    1.38262e-02
   40         3.07188e+00    1.85836e-04    1.43094e-02
   41        -2.07650e+01   -5.94520e-04    1.68283e-02
   42         2.80843e+00    1.62517e-04    1.71961e-02
   43        -1.89491e+01   -5.39524e-04    1.95812e-02
   44         2.53102e+00    1.45745e-04    1.98259e-02
   45        -1.71376e+01   -4.89098e-04    2.20820e-02
   46         2.24846e+00    1.30814e-04    2.22006e-02
   47        -1.53282e+01   -4.40213e-04    2.43292e-02
   48         1.96465e+00    1.16269e-04    2.43209e-02
   49        -1.35196e+01   -3.91700e-04    2.63222e-02
   50         1.68090e+00    1.01768e-04    2.61866e-02
   51        -1.17113e+01   -3.43201e-04    2.80608e-02
   52         1.39818e+00    8.72219e-05    2.77979e-02
   53        -9.90287e+00   -2.94504e-04    2.95453e-02
   54         1.11871e+00    7.24098e-05    2.91542e-02
   55        -8.09343e+00   -2.45125e-04    3.07761e-02
   56         8.46512e-01    5.63901e-05    3.02538e-02
   57        -6.28067e+00   -1.93973e-04    3.17536e-02
   58         5.78965e-01    3.59945e-05    3.10911e-02
   59        -4.46178e+00   -1.40400e-04    3.24738e-02
   60         2.46625e-01    3.11883e-06    3.16554e-02
   61        -2.65358e+00   -9.46852e-05    3.29055e-02
   62        -5.57088e-01   -5.38094e-05    3.19474e-02
   63        -9.85425e-01   -1.29352e-04    3.29054e-02
   64        -2.94599e+00   -1.12395e-04    3.20776e-02
   65        -5.17264e-01   -2.64774e-05    2.80100e-03
   66         4.54382e+00    4.41923e-03    4.15259e-03
   67        -7.29130e-01   -5.87802e-04    7.02790e-03
   68         3.84842e+00    4.54931e-03    7.80049e-03
   69        -1.01159e+00   -7.59937e-04    1.05720e-02
   70         3.57216e+00    4.18875e-03    1.11907e-02
   71        -1.06617e+00   -7.01698e-04    1.38356e-02
   72         3.34845e+00    3.86790e-03    1.43217e-02
   73        -1.01728e+00   -6.41115e-04    1.68466e-02
   74         3.09077e+00    3.55654e-03    1.72029e-02
   75        -9.38319e-01   -5.87630e-04    1.96028e-02
   76         2.81463e+00    3.24726e-03    1.98315e-02
   77        -8.53092e-01   -5.37599e-04    2.21045e-02
   78         2.53235e+00    2.93849e-03    2.22062e-02
   79        -7.67288e-01   -4.88741e-04    2.43518e-02
   80         2.24861e+00    2.62989e-03    2.43264e-02
   81        -6.81798e-01   -4.40197e-04    2.63448e-02
   82         1.96504e+00    2.32136e-03    2.61923e-02
   83        -5.96933e-01   -3.91680e-04    2.80833e-02
   84         1.68335e+00    2.01292e-03    2.78038e-02
   85        -5.14276e-01   -3.42979e-04    2.95674e-02
   86         1.40824e+00    1.70460e-03    2.91612e-02
   87        -4.39690e-01   -2.93604e-04    3.07972e-02
   88         1.15034e+00    1.39617e-03    3.02655e-02
   89        -3.89089e-01   -2.42490e-04    3.17725e-02
   90         9.16255e-01    1.08580e-03    3.11182e-02
   91        -3.88531e-01   -1.89293e-04    3.24928e-02
   92         6.08246e-01    7.65373e-04    3.17206e-02
   93        -4.06021e-01   -1.46613e-04    3.29522e-02
   94        -4.87321e-01    4.10510e-04    3.20678e-02
   95        -1.51275e-01   -2.14045e-04    3.30727e-02
   96        -6.13004e+00   -8.61943e-06    3.22153e-02
   97         2.69638e+01    1.38021e-03    3.08329e-03
   98         5.01766e+00    9.37217e-03    4.66541e-03
   99         2.42526e+01   -7.14084e-04    6.91787e-03
  100         4.05971e+00    8.58328e-03    8.25353e-03
  101         2.21629e+01   -7.47833e-04    1.04298e-02
  102         3.87393e+00    8.09128e-03    1.15760e-02
  103         2.03942e+01   -7.22465e-04    1.37132e-02
  104         3.64424e+00    7.53548e-03    1.46907e-02
  105         1.87203e+01   -6.80598e-04    1.67331e-02
  106         3.37860e+00    6.94705e-03    1.75679e-02
  107         1.70729e+01   -6.33723e-04    1.94923e-02
  108         3.09947e+00    6.34789e-03    2.01956e-02
  109         1.54327e+01   -5.85560e-04    2.19949e-02
  110         2.81644e+00    5.74594e-03    2.25700e-02
  111         1.37943e+01   -5.37131e-04    2.42425e-02
  112         2.53250e+00    5.14341e-03    2.46901e-02
  113         1.21564e+01   -4.88662e-04    2.62354e-02
  114         2.24856e+00    4.54081e-03    2.65558e-02
  115         1.05184e+01   -4.40172e-04    2.79739e-02
  116         1.96558e+00    3.93823e-03    2.81671e-02
  117         8.87935e+00   -3.91580e-04    2.94575e-02
  118         1.68695e+00    3.33599e-03    2.95244e-02
  119         7.23519e+00   -3.42609e-04    3.06858e-02
  120         1.42265e+00    2.73566e-03    3.06304e-02
  121         5.57430e+00   -2.92625e-04    3.16583e-02
  122         1.19011e+00    2.14301e-03    3.14958e-02
  123         3.87899e+00   -2.41284e-04    3.23805e-02
  124         9.57533e-01    1.57360e-03    3.21510e-02
  125         2.20807e+00   -1.95677e-04    3.28901e-02
  126         1.09453e-01    1.04897e-03    3.26529e-02
  127         1.39344e+00   -2.24689e-04    3.33561e-02
  128        -9.37285e+00    4.96703e-04    3.30793e-02


 S O L U T I O N   T I M E   L O G   I N   S E C 

     TIME FOR INPUT PHASE = 1.96000e-01
     TIME FOR CALCULATION OF STIFFNESS MATRIX = 6.86000e-01
     TIME FOR FACTORIZATION AND LOAD CASE SOLUTIONS = 1.84000e-01

     T O T A L   S O L U T I O N   T I M E = 1.06600e+00

