TITLE : A patch test for 3T elements
        (22:16:58 on June 17, 2025, Tuesday)

C O N T R O L   I N F O R M A T I O N

      NUMBER OF NODAL POINTS . . . . . . . . . . (NUMNP)  =     6
      NUMBER OF ELEMENT GROUPS . . . . . . . . . (NUMEG)  =     1
      NUMBER OF LOAD CASES . . . . . . . . . . . (NLCASE) =     1
      SOLUTION MODE  . . . . . . . . . . . . . . (MODEX)  =     1
         EQ.0, DATA CHECK
         EQ.1, EXECUTION

 N O D A L   P O I N T   D A T A

    NODE       BOUNDARY                         NODAL POINT
   NUMBER  CONDITION  CODES                     COORDINATES
        1    1    1    1       0.00000e+00    0.00000e+00    0.00000e+00
        2    0    0    1       0.00000e+00    1.00000e+00    0.00000e+00
        3    0    0    1       1.00000e+00    1.00000e+00    0.00000e+00
        4    0    1    1       1.00000e+00    0.00000e+00    0.00000e+00
        5    0    0    1       3.00000e-01    5.00000e-01    0.00000e+00
        6    0    0    1       8.00000e-01    6.00000e-01    0.00000e+00

 EQUATION NUMBERS

   NODE NUMBER   DEGREES OF FREEDOM
        N           X    Y    Z
        1           0    0    0
        2           1    2    0
        3           3    4    0
        4           5    0    0
        5           6    7    0
        6           8    9    0

 L O A D   C A S E   D A T A

     LOAD CASE NUMBER . . . . . . . =     1
     NUMBER OF CONCENTRATED LOADS . =     4

    NODE       DIRECTION      LOAD
   NUMBER                   MAGNITUDE
      1            1       -5.00000e+00
      2            1       -5.00000e+00
      3            1        5.00000e+00
      4            1        5.00000e+00

 E L E M E N T   G R O U P   D A T A


 E L E M E N T   D E F I N I T I O N

 ELEMENT TYPE  . . . . . . . . . . . . .( NPAR(1) ) . . =    3
     EQ.1, TRUSS ELEMENTS
     EQ.2, ELEMENTS CURRENTLY
     EQ.3, NOT AVAILABLE

 NUMBER OF ELEMENTS. . . . . . . . . . .( NPAR(2) ) . . =    6

 M A T E R I A L   D E F I N I T I O N

 NUMBER OF DIFFERENT SETS OF MATERIAL
 AND CROSS-SECTIONAL  CONSTANTS  . . . .( NPAR(3) ) . . =    1

  SET       YOUNG'S     POISSON'S     THICKNESS
 NUMBER     MODULUS        RATIO          T
               E              NU            H
    1     1.00000e+03     3.00000e-01


 E L E M E N T   I N F O R M A T I O N
 ELEMENT     NODE     NODE       MATERIAL
 NUMBER-N      I        J       SET NUMBER
    1          1        5        4           1
    2          1        2        5           1
    3          5        2        6           1
    4          6        2        3           1
    5          6        3        4           1
    6          5        6        4           1

	TOTAL SYSTEM DATA

     NUMBER OF EQUATIONS . . . . . . . . . . . . . .(NEQ) = 9
     NUMBER OF MATRIX ELEMENTS . . . . . . . . . . .(NWK) = 43
     MAXIMUM HALF BANDWIDTH  . . . . . . . . . . . .(MK ) = 9
     MEAN HALF BANDWIDTH . . . . . . . . . . . . . .(MM ) = 4


 LOAD CASE    1


 D I S P L A C E M E N T S

  NODE           X-DISPLACEMENT    Y-DISPLACEMENT    Z-DISPLACEMENT
    1               0.00000e+00       0.00000e+00       0.00000e+00
    2               4.98733e-18      -3.00000e-03       0.00000e+00
    3               1.00000e-02      -3.00000e-03       0.00000e+00
    4               1.00000e-02       0.00000e+00       0.00000e+00
    5               3.00000e-03      -1.50000e-03       0.00000e+00
    6               8.00000e-03      -1.80000e-03       0.00000e+00

 S T R E S S  C A L C U L A T I O N S  F O R  E L E M E N T  G R O U P    1

  ELEMENT        LOCAL          ELEMENT        STRESS
  NUMBER         SXX            SYY            SXY
    1        -5.29412e+00   -1.33824e-02    1.00368e-02
    2        -1.58857e-15   -1.09200e-02    4.70544e-18
    3        -5.29412e+00   -7.49412e-03   -5.62059e-03
    4        -1.60000e+01   -2.91200e-03   -7.28000e-03
    5        -4.00000e+00   -5.82400e-03    3.64000e-03
    6        -1.92308e+01   -4.48000e-04    2.80000e-03


 S O L U T I O N   T I M E   L O G   I N   S E C 

     TIME FOR INPUT PHASE = 2.60000e-02
     TIME FOR CALCULATION OF STIFFNESS MATRIX = 2.80000e-02
     TIME FOR FACTORIZATION AND LOAD CASE SOLUTIONS = 9.00000e-03

     T O T A L   S O L U T I O N   T I M E = 6.30000e-02

