TITLE : Generated T3 mesh - 2 times 8
        (12:42:30 on June 12, 2025, Thursday)

C O N T R O L   I N F O R M A T I O N

      NUMBER OF NODAL POINTS . . . . . . . . . . (NUMNP)  =    27
      NUMBER OF ELEMENT GROUPS . . . . . . . . . (NUMEG)  =     1
      NUMBER OF LOAD CASES . . . . . . . . . . . (NLCASE) =     1
      SOLUTION MODE  . . . . . . . . . . . . . . (MODEX)  =     1
         EQ.0, DATA CHECK
         EQ.1, EXECUTION

 N O D A L   P O I N T   D A T A

    NODE       BOUNDARY                         NODAL POINT
   NUMBER  CONDITION  CODES                     COORDINATES
        1    1    1    1       0.00000e+00    0.00000e+00    0.00000e+00
        2    0    0    1       7.50000e-01    0.00000e+00    0.00000e+00
        3    0    0    1       1.50000e+00    0.00000e+00    0.00000e+00
        4    0    0    1       2.25000e+00    0.00000e+00    0.00000e+00
        5    0    0    1       3.00000e+00    0.00000e+00    0.00000e+00
        6    0    0    1       3.75000e+00    0.00000e+00    0.00000e+00
        7    0    0    1       4.50000e+00    0.00000e+00    0.00000e+00
        8    0    0    1       5.25000e+00    0.00000e+00    0.00000e+00
        9    0    0    1       6.00000e+00    0.00000e+00    0.00000e+00
       10    1    1    1       0.00000e+00    5.00000e-01    0.00000e+00
       11    0    0    1       7.50000e-01    5.00000e-01    0.00000e+00
       12    0    0    1       1.50000e+00    5.00000e-01    0.00000e+00
       13    0    0    1       2.25000e+00    5.00000e-01    0.00000e+00
       14    0    0    1       3.00000e+00    5.00000e-01    0.00000e+00
       15    0    0    1       3.75000e+00    5.00000e-01    0.00000e+00
       16    0    0    1       4.50000e+00    5.00000e-01    0.00000e+00
       17    0    0    1       5.25000e+00    5.00000e-01    0.00000e+00
       18    0    0    1       6.00000e+00    5.00000e-01    0.00000e+00
       19    1    1    1       0.00000e+00    1.00000e+00    0.00000e+00
       20    0    0    1       7.50000e-01    1.00000e+00    0.00000e+00
       21    0    0    1       1.50000e+00    1.00000e+00    0.00000e+00
       22    0    0    1       2.25000e+00    1.00000e+00    0.00000e+00
       23    0    0    1       3.00000e+00    1.00000e+00    0.00000e+00
       24    0    0    1       3.75000e+00    1.00000e+00    0.00000e+00
       25    0    0    1       4.50000e+00    1.00000e+00    0.00000e+00
       26    0    0    1       5.25000e+00    1.00000e+00    0.00000e+00
       27    0    0    1       6.00000e+00    1.00000e+00    0.00000e+00

 EQUATION NUMBERS

   NODE NUMBER   DEGREES OF FREEDOM
        N           X    Y    Z
        1           0    0    0
        2           1    2    0
        3           3    4    0
        4           5    6    0
        5           7    8    0
        6           9   10    0
        7          11   12    0
        8          13   14    0
        9          15   16    0
       10           0    0    0
       11          17   18    0
       12          19   20    0
       13          21   22    0
       14          23   24    0
       15          25   26    0
       16          27   28    0
       17          29   30    0
       18          31   32    0
       19           0    0    0
       20          33   34    0
       21          35   36    0
       22          37   38    0
       23          39   40    0
       24          41   42    0
       25          43   44    0
       26          45   46    0
       27          47   48    0

 L O A D   C A S E   D A T A

     LOAD CASE NUMBER . . . . . . . =     1
     NUMBER OF CONCENTRATED LOADS . =     1

    NODE       DIRECTION      LOAD
   NUMBER                   MAGNITUDE
     27            2       -1.00000e+00

 E L E M E N T   G R O U P   D A T A


 E L E M E N T   D E F I N I T I O N

 ELEMENT TYPE  . . . . . . . . . . . . .( NPAR(1) ) . . =    3
     EQ.1, TRUSS ELEMENTS
     EQ.2, ELEMENTS CURRENTLY
     EQ.3, NOT AVAILABLE

 NUMBER OF ELEMENTS. . . . . . . . . . .( NPAR(2) ) . . =   32

 M A T E R I A L   D E F I N I T I O N

 NUMBER OF DIFFERENT SETS OF MATERIAL
 AND CROSS-SECTIONAL  CONSTANTS  . . . .( NPAR(3) ) . . =    1

  SET       YOUNG'S     POISSON'S     THICKNESS
 NUMBER     MODULUS        RATIO          T
               E              NU            H
    1     1.00000e+03     3.00000e-01


 E L E M E N T   I N F O R M A T I O N
 ELEMENT     NODE     NODE       MATERIAL
 NUMBER-N      I        J       SET NUMBER
    1          1        2       10           1
    2          2       11       10           1
    3          2        3       11           1
    4          3       12       11           1
    5          3        4       12           1
    6          4       13       12           1
    7          4        5       13           1
    8          5       14       13           1
    9          5        6       14           1
   10          6       15       14           1
   11          6        7       15           1
   12          7       16       15           1
   13          7        8       16           1
   14          8       17       16           1
   15          8        9       17           1
   16          9       18       17           1
   17         10       11       19           1
   18         11       20       19           1
   19         11       12       20           1
   20         12       21       20           1
   21         12       13       21           1
   22         13       22       21           1
   23         13       14       22           1
   24         14       23       22           1
   25         14       15       23           1
   26         15       24       23           1
   27         15       16       24           1
   28         16       25       24           1
   29         16       17       25           1
   30         17       26       25           1
   31         17       18       26           1
   32         18       27       26           1

	TOTAL SYSTEM DATA

     NUMBER OF EQUATIONS . . . . . . . . . . . . . .(NEQ) = 48
     NUMBER OF MATRIX ELEMENTS . . . . . . . . . . .(NWK) = 612
     MAXIMUM HALF BANDWIDTH  . . . . . . . . . . . .(MK ) = 18
     MEAN HALF BANDWIDTH . . . . . . . . . . . . . .(MM ) = 12


 LOAD CASE    1


 D I S P L A C E M E N T S

  NODE           X-DISPLACEMENT    Y-DISPLACEMENT    Z-DISPLACEMENT
    1               0.00000e+00       0.00000e+00       0.00000e+00
    2               1.10765e-02       1.07627e-02       0.00000e+00
    3               2.09851e-02       3.68552e-02       0.00000e+00
    4               2.92633e-02       7.66829e-02       0.00000e+00
    5               3.60149e-02       1.27879e-01       0.00000e+00
    6               4.12465e-02       1.88178e-01       0.00000e+00
    7               4.49577e-02       2.55307e-01       0.00000e+00
    8               4.71432e-02       3.26983e-01       0.00000e+00
    9               4.78588e-02       4.00763e-01       0.00000e+00
   10               0.00000e+00       0.00000e+00       0.00000e+00
   11               9.76598e-05       9.85066e-03       0.00000e+00
   12              -8.39421e-05       3.61544e-02       0.00000e+00
   13              -1.89021e-04       7.61121e-02       0.00000e+00
   14              -2.75459e-04       1.27454e-01       0.00000e+00
   15              -3.57305e-04       1.87904e-01       0.00000e+00
   16              -4.36055e-04       2.55185e-01       0.00000e+00
   17              -5.06372e-04       3.27018e-01       0.00000e+00
   18              -6.31749e-04       4.01147e-01       0.00000e+00
   19               0.00000e+00       0.00000e+00       0.00000e+00
   20              -1.14045e-02       1.10576e-02       0.00000e+00
   21              -2.12563e-02       3.72413e-02       0.00000e+00
   22              -2.96637e-02       7.70509e-02       0.00000e+00
   23              -3.65712e-02       1.28241e-01       0.00000e+00
   24              -4.19649e-02       1.88539e-01       0.00000e+00
   25              -4.58427e-02       2.55666e-01       0.00000e+00
   26              -4.82277e-02       3.27380e-01       0.00000e+00
   27              -4.96049e-02       4.02394e-01       0.00000e+00

 S T R E S S  C A L C U L A T I O N S  F O R  E L E M E N T  G R O U P    1

  ELEMENT        LOCAL          ELEMENT        STRESS
  NUMBER         SXX            SYY            SXY
    1        -3.24587e+01   -6.64592e-03    1.50678e-02
    2         3.92323e+00    6.25540e-04    1.96079e-02
    3        -2.78334e+01   -3.20894e-03    3.07656e-02
    4         3.23996e+00    9.93896e-04    3.50387e-02
    5        -2.33344e+01   -2.86461e-03    4.46975e-02
    6         2.60131e+00    7.23862e-04    4.78647e-02
    7        -1.90321e+01   -2.33860e-03    5.62116e-02
    8         1.94326e+00    5.55198e-04    5.82401e-02
    9        -1.47707e+01   -1.86459e-03    6.53665e-02
   10         1.27730e+00    4.10486e-04    6.62107e-02
   11        -1.05136e+01   -1.40405e-03    7.21384e-02
   12         6.06371e-01    2.67479e-04    7.17786e-02
   13        -6.24309e+00   -9.44668e-04    7.65150e-02
   14        -9.20966e-02    1.09120e-04    7.49223e-02
   15        -2.14315e+00   -5.34403e-04    7.82761e-02
   16        -1.57660e+00   -9.46213e-05    7.58850e-02
   17        -2.86183e-01   -5.85959e-05    1.37909e-02
   18         4.72089e+00    2.17229e-02    2.02845e-02
   19        -1.05936e+00   -3.51176e-03    3.07866e-02
   20         3.88345e+00    1.87254e-02    3.52977e-02
   21        -1.12531e+00   -3.19757e-03    4.48253e-02
   22         3.26464e+00    1.59699e-02    4.79635e-02
   23        -9.84642e-01   -2.76445e-03    5.64042e-02
   24         2.61081e+00    1.31063e-02    5.83045e-02
   25        -7.98681e-01   -2.31353e-03    6.55745e-02
   26         1.94952e+00    1.02156e-02    6.62718e-02
   27        -6.06879e-01   -1.85840e-03    7.23492e-02
   28         1.29260e+00    7.32225e-03    7.18594e-02
   29        -4.28880e-01   -1.40229e-03    7.67284e-02
   30         5.06854e-01    4.44450e-03    7.51150e-02
   31        -1.09551e-01   -1.00985e-03    7.87266e-02
   32        -4.27051e+00    1.63209e-03    7.65887e-02


 S O L U T I O N   T I M E   L O G   I N   S E C 

     TIME FOR INPUT PHASE = 6.80000e-02
     TIME FOR CALCULATION OF STIFFNESS MATRIX = 2.07000e-01
     TIME FOR FACTORIZATION AND LOAD CASE SOLUTIONS = 4.80000e-02

     T O T A L   S O L U T I O N   T I M E = 3.23000e-01

